2025-03-21 20:47:28.336 [INF] Logger initialized successfully
2025-03-21 20:47:28.342 [INF] Testing database connection...
2025-03-21 20:47:28.604 [ERR] Database connection error
System.TypeInitializationException: The type initializer for 'ParkingIN.Utils.Database' threw an exception.
 ---> MySql.Data.MySqlClient.MySqlException (0x80004005): Authentication to host 'localhost' for user 'root' using method 'caching_sha2_password' failed with message: Unknown database 'parking_system'
 ---> MySql.Data.MySqlClient.MySqlException (0x80004005): Unknown database 'parking_system'
   at MySql.Data.MySqlClient.MySqlStream.ReadPacketAsync(Boolean execAsync)
   at MySql.Data.MySqlClient.NativeDriver.ReadPacketAsync(Boolean execAsync)
   at MySql.Data.MySqlClient.Authentication.MySqlAuthenticationPlugin.ReadPacketAsync(Boolean execAsync)
   at MySql.Data.MySqlClient.Authentication.MySqlAuthenticationPlugin.AuthenticationFailed(MySqlException ex)
   at MySql.Data.MySqlClient.Authentication.MySqlAuthenticationPlugin.ReadPacketAsync(Boolean execAsync)
   at MySql.Data.MySqlClient.Authentication.MySqlAuthenticationPlugin.ContinueAuthenticationAsync(Boolean execAsync, Byte[] data)
   at MySql.Data.MySqlClient.Authentication.MySqlAuthenticationPlugin.HandleAuthChangeAsync(MySqlPacket packet, Boolean execAsync)
   at MySql.Data.MySqlClient.Authentication.MySqlAuthenticationPlugin.AuthenticateAsync(Boolean reset, Boolean execAsync)
   at MySql.Data.MySqlClient.NativeDriver.AuthenticateAsync(String authMethod, Boolean reset, Boolean execAsync)
   at MySql.Data.MySqlClient.NativeDriver.OpenAsync(Boolean execAsync, CancellationToken cancellationToken)
   at MySql.Data.MySqlClient.NativeDriver.OpenAsync(Boolean execAsync, CancellationToken cancellationToken)
   at MySql.Data.MySqlClient.Driver.OpenAsync(Boolean execAsync, CancellationToken cancellationToken)
   at MySql.Data.MySqlClient.Driver.CreateAsync(MySqlConnectionStringBuilder settings, Boolean execAsync, CancellationToken cancellationToken)
   at MySql.Data.MySqlClient.Driver.CreateAsync(MySqlConnectionStringBuilder settings, Boolean execAsync, CancellationToken cancellationToken)
   at MySql.Data.MySqlClient.MySqlPool.CreateNewPooledConnectionAsync(Boolean execAsync, CancellationToken cancellationToken)
   at MySql.Data.MySqlClient.MySqlPool.GetPooledConnectionAsync(Boolean execAsync, CancellationToken cancellationToken)
   at MySql.Data.MySqlClient.MySqlPool.TryToGetDriverAsync(Boolean execAsync, CancellationToken cancellationToken)
   at MySql.Data.MySqlClient.MySqlPool.GetConnectionAsync(Boolean execAsync, CancellationToken cancellationToken)
   at MySql.Data.MySqlClient.MySqlConnection.OpenAsync(Boolean execAsync, CancellationToken cancellationToken)
   at MySql.Data.MySqlClient.MySqlConnection.Open()
   at ParkingIN.Utils.Database.InitializeConnectionString() in D:\21maret\clean_code\ParkingIN\Utils\Database.cs:line 206
   at ParkingIN.Utils.Database..cctor() in D:\21maret\clean_code\ParkingIN\Utils\Database.cs:line 61
   --- End of inner exception stack trace ---
   at ParkingIN.Utils.Database.TestConnection(String& errorMessage) in D:\21maret\clean_code\ParkingIN\Utils\Database.cs:line 281
   at ParkingIN.LoginForm.TestDatabaseConnection() in D:\21maret\clean_code\ParkingIN\LoginForm.cs:line 284
2025-03-21 21:32:12.069 +07:00 [INF] Application starting...
2025-03-21 21:32:12.308 +07:00 [ERR] Failed to initialize database connection
System.NullReferenceException: Object reference not set to an instance of an object.
   at ParkingIN.Utils.Database..cctor() in D:\21maret\clean_code\ParkingIN\Utils\Database.cs:line 31
2025-03-21 21:32:12.320 +07:00 [INF] Using default connection string
2025-03-21 21:32:12.492 +07:00 [ERR] Failed to initialize database connection
MySql.Data.MySqlClient.MySqlException (0x80004005): Authentication to host 'localhost' for user 'root' using method 'caching_sha2_password' failed with message: Unknown database 'parking_system'
 ---> MySql.Data.MySqlClient.MySqlException (0x80004005): Unknown database 'parking_system'
   at MySql.Data.MySqlClient.MySqlStream.ReadPacketAsync(Boolean execAsync)
   at MySql.Data.MySqlClient.NativeDriver.ReadPacketAsync(Boolean execAsync)
   at MySql.Data.MySqlClient.Authentication.MySqlAuthenticationPlugin.ReadPacketAsync(Boolean execAsync)
   at MySql.Data.MySqlClient.Authentication.MySqlAuthenticationPlugin.AuthenticationFailed(MySqlException ex)
   at MySql.Data.MySqlClient.Authentication.MySqlAuthenticationPlugin.ReadPacketAsync(Boolean execAsync)
   at MySql.Data.MySqlClient.Authentication.MySqlAuthenticationPlugin.ContinueAuthenticationAsync(Boolean execAsync, Byte[] data)
   at MySql.Data.MySqlClient.Authentication.MySqlAuthenticationPlugin.HandleAuthChangeAsync(MySqlPacket packet, Boolean execAsync)
   at MySql.Data.MySqlClient.Authentication.MySqlAuthenticationPlugin.AuthenticateAsync(Boolean reset, Boolean execAsync)
   at MySql.Data.MySqlClient.NativeDriver.AuthenticateAsync(String authMethod, Boolean reset, Boolean execAsync)
   at MySql.Data.MySqlClient.NativeDriver.OpenAsync(Boolean execAsync, CancellationToken cancellationToken)
   at MySql.Data.MySqlClient.NativeDriver.OpenAsync(Boolean execAsync, CancellationToken cancellationToken)
   at MySql.Data.MySqlClient.Driver.OpenAsync(Boolean execAsync, CancellationToken cancellationToken)
   at MySql.Data.MySqlClient.Driver.CreateAsync(MySqlConnectionStringBuilder settings, Boolean execAsync, CancellationToken cancellationToken)
   at MySql.Data.MySqlClient.Driver.CreateAsync(MySqlConnectionStringBuilder settings, Boolean execAsync, CancellationToken cancellationToken)
   at MySql.Data.MySqlClient.MySqlPool.CreateNewPooledConnectionAsync(Boolean execAsync, CancellationToken cancellationToken)
   at MySql.Data.MySqlClient.MySqlPool.GetPooledConnectionAsync(Boolean execAsync, CancellationToken cancellationToken)
   at MySql.Data.MySqlClient.MySqlPool.TryToGetDriverAsync(Boolean execAsync, CancellationToken cancellationToken)
   at MySql.Data.MySqlClient.MySqlPool.GetConnectionAsync(Boolean execAsync, CancellationToken cancellationToken)
   at MySql.Data.MySqlClient.MySqlConnection.OpenAsync(Boolean execAsync, CancellationToken cancellationToken)
   at MySql.Data.MySqlClient.MySqlConnection.Open()
   at ParkingIN.Utils.Database.InitializeConnectionString() in D:\21maret\clean_code\ParkingIN\Utils\Database.cs:line 206
