2025-03-21 21:55:50 - Database connection string initialized: Host=localhost;Port=5432;Database=parkirdb;Username=postgres;Password=root@rsi
2025-03-21 21:55:50 - Database connection test successful
2025-03-21 21:56:25 - Login error: 42883: operator does not exist: boolean = integer

POSITION: 192
2025-03-21 21:56:51 - Login error: 42883: operator does not exist: boolean = integer

POSITION: 192
2025-03-21 22:00:16 - Database connection string initialized: Host=localhost;Port=5432;Database=parkirdb;Username=postgres;Password=root@rsi
2025-03-21 22:00:21 - Database connection test failed: Failed to connect to 127.0.0.1:5432
2025-03-21 22:00:30 - Login error: Failed to connect to 127.0.0.1:5432
2025-03-21 22:13:00 - Database connection string initialized: Host=localhost;Port=5432;Database=parkirdb;Username=postgres;Password=root@rsi
2025-03-21 22:13:01 - Database connection test successful
2025-03-21 22:13:09 - Login failed for user admin
2025-03-21 22:13:37 - User admin logged in successfully
2025-03-21 22:18:48 - Database connection string initialized: Host=localhost;Port=5432;Database=parkirdb;Username=postgres;Password=root@rsi
2025-03-21 22:18:48 - Database connection test successful
2025-03-21 22:18:58 - Login failed for user admin
2025-03-21 22:34:00 - Database connection string initialized: Host=localhost;Port=5432;Database=parkirdb;Username=postgres;Password=root@rsi
2025-03-21 22:34:00 - Database connection test successful
2025-03-21 22:34:08 - Login failed for user admin
2025-03-21 22:35:02 - User admin logged in successfully
2025-03-21 23:40:13 - Database connection string initialized: Host=localhost;Port=5432;Database=parkirdb;Username=postgres;Password=root@rsi
2025-03-21 23:40:13 - Database connection test successful
2025-03-21 23:40:22 - User admin logged in successfully
2025-03-21 23:40:22 - Query executed successfully: 
                    INSERT INTO t_log (user_id, action, description, created_at)
                    VALUES (@userId, @action, @description, @createdAt)
