[2025-03-19 02:29:49] [INFO] Application starting...
[2025-03-19 02:29:49] [INFO] Application started
[2025-03-19 02:29:49] [WARNING] Error executing schema command: Unknown column 'nama' in 'field list'
[2025-03-19 02:29:49] [INFO] Schema loaded from SQL file
[2025-03-19 02:29:59] [INFO] Attempting login for username: admin
[2025-03-19 02:29:59] [ERROR] Database setup failed: Unknown column 'nama' in 'field list'
[2025-03-19 02:29:59] [WARNING] Failed login attempt for username: admin
[2025-03-19 02:33:37] [INFO] Application shutdown
[2025-03-19 02:34:03] [INFO] Application starting...
[2025-03-19 02:34:03] [INFO] Application started
[2025-03-19 02:34:03] [WARNING] Error executing schema command: Unknown column 'nama' in 'field list'
[2025-03-19 02:34:03] [INFO] Schema loaded from SQL file
[2025-03-19 02:34:13] [INFO] Attempting login for username: admin
[2025-03-19 02:34:13] [ERROR] Database setup failed: Unknown column 'nama' in 'field list'
[2025-03-19 02:34:13] [WARNING] Failed login attempt for username: admin
[2025-03-19 02:37:31] [INFO] Application starting...
[2025-03-19 02:37:31] [INFO] Application started
[2025-03-19 02:37:31] [WARNING] Error executing schema command: Unknown column 'nama' in 'field list'
[2025-03-19 02:37:31] [INFO] Schema loaded from SQL file
[2025-03-19 02:37:40] [INFO] Attempting login for username: admin
[2025-03-19 02:37:40] [ERROR] Database setup failed: Unknown column 'nama' in 'field list'
[2025-03-19 02:37:40] [WARNING] Failed login attempt for username: admin
[2025-03-19 02:37:42] [INFO] Application shutdown
[2025-03-19 02:40:28] [INFO] Application starting...
[2025-03-19 02:40:28] [INFO] Application started
[2025-03-19 02:40:28] [WARNING] Error executing schema command: Unknown column 'nama' in 'field list'
[2025-03-19 02:40:28] [INFO] Schema loaded from SQL file
[2025-03-19 02:40:37] [INFO] Attempting login for username: admin
[2025-03-19 02:40:37] [ERROR] Database setup failed: Unknown column 'nama' in 'field list'
[2025-03-19 02:40:37] [WARNING] Failed login attempt for username: admin
[2025-03-19 02:41:40] [INFO] Application shutdown
[2025-03-19 02:41:46] [INFO] Application shutdown
[2025-03-19 02:48:08] [INFO] Application starting...
[2025-03-19 02:48:08] [INFO] Application started
[2025-03-19 02:48:08] [WARNING] Error executing schema command: Unknown column 'nama' in 'field list'
[2025-03-19 02:48:08] [INFO] Schema loaded from SQL file
[2025-03-19 02:48:18] [INFO] Attempting login for username: admin
[2025-03-19 02:48:18] [ERROR] Database setup failed: Unknown column 'nama' in 'field list'
[2025-03-19 02:48:18] [WARNING] Failed login attempt for username: admin
[2025-03-19 02:49:01] [INFO] Attempting login for username: admin
[2025-03-19 02:49:01] [ERROR] Database setup failed: Unknown column 'nama' in 'field list'
[2025-03-19 02:49:01] [WARNING] Failed login attempt for username: admin
[2025-03-19 02:49:08] [INFO] Attempting login for username: admin
[2025-03-19 02:49:08] [ERROR] Database setup failed: Unknown column 'nama' in 'field list'
[2025-03-19 02:49:08] [WARNING] Failed login attempt for username: admin
[2025-03-19 02:49:14] [INFO] Application shutdown
[2025-03-19 02:51:25] [INFO] Application starting...
[2025-03-19 02:51:25] [INFO] Application started
[2025-03-19 02:51:25] [WARNING] Error executing schema command: Unknown column 'nama' in 'field list'
[2025-03-19 02:51:25] [INFO] Schema loaded from SQL file
[2025-03-19 02:51:34] [INFO] Attempting login for username: admin
[2025-03-19 02:51:34] [ERROR] Database setup failed: Unknown column 'nama' in 'field list'
[2025-03-19 02:51:34] [WARNING] Failed login attempt for username: admin
[2025-03-19 02:51:43] [INFO] Attempting login for username: admin
[2025-03-19 02:51:43] [ERROR] Database setup failed: Unknown column 'nama' in 'field list'
[2025-03-19 02:51:43] [WARNING] Failed login attempt for username: admin
[2025-03-19 02:57:05] [INFO] Attempting login for username: admin
[2025-03-19 02:57:05] [ERROR] Database setup failed: Unknown column 'nama' in 'field list'
[2025-03-19 02:57:05] [WARNING] Failed login attempt for username: admin
[2025-03-19 02:57:14] [INFO] Application shutdown
[2025-03-19 02:59:52] [INFO] Application starting...
[2025-03-19 02:59:52] [INFO] Application started
[2025-03-19 02:59:52] [WARNING] Error executing schema command: Unknown column 'nama' in 'field list'
[2025-03-19 02:59:52] [INFO] Schema loaded from SQL file
[2025-03-19 03:00:06] [INFO] Attempting login for username: admin
[2025-03-19 03:00:06] [ERROR] Database setup failed: Unknown column 'nama' in 'field list'
[2025-03-19 03:00:06] [WARNING] Failed login attempt for username: admin
[2025-03-19 03:00:21] [INFO] Attempting login for username: admin
[2025-03-19 03:00:21] [ERROR] Database setup failed: Unknown column 'nama' in 'field list'
[2025-03-19 03:00:21] [WARNING] Failed login attempt for username: admin
[2025-03-19 03:00:25] [INFO] Application shutdown
[2025-03-19 03:03:54] [INFO] Application starting...
[2025-03-19 03:03:54] [INFO] Application started
[2025-03-19 03:03:55] [WARNING] Error executing schema command: Unknown column 'nama' in 'field list'
[2025-03-19 03:03:55] [INFO] Schema loaded from SQL file
[2025-03-19 03:04:05] [INFO] Attempting login for username: admin
[2025-03-19 03:04:05] [ERROR] Database setup failed: Unknown column 'nama' in 'field list'
[2025-03-19 03:04:32] [WARNING] Failed login attempt for username: admin
[2025-03-19 03:05:57] [INFO] Application starting...
[2025-03-19 03:05:57] [INFO] Application started
[2025-03-19 03:05:58] [WARNING] Error executing schema command: Unknown column 'nama' in 'field list'
[2025-03-19 03:05:58] [INFO] Schema loaded from SQL file
[2025-03-19 03:06:04] [INFO] Attempting login for username: admin
[2025-03-19 03:06:04] [ERROR] Database setup failed: Unknown column 'nama' in 'field list'
[2025-03-19 03:06:05] [WARNING] Failed login attempt for username: admin
[2025-03-19 03:06:08] [INFO] Application shutdown
[2025-03-19 03:06:10] [INFO] Application shutdown
[2025-03-19 03:06:23] [INFO] Application starting...
[2025-03-19 03:06:23] [INFO] Application started
[2025-03-19 03:06:23] [WARNING] Error executing schema command: Unknown column 'nama' in 'field list'
[2025-03-19 03:06:23] [INFO] Schema loaded from SQL file
[2025-03-19 03:06:33] [INFO] Attempting login for username: admin
[2025-03-19 03:06:33] [ERROR] Database setup failed: Unknown column 'nama' in 'field list'
[2025-03-19 03:06:55] [WARNING] Failed login attempt for username: admin
[2025-03-19 03:08:14] [INFO] Application shutdown
[2025-03-19 03:09:03] [INFO] Application starting...
[2025-03-19 03:09:03] [INFO] Application started
[2025-03-19 03:09:03] [WARNING] Error executing schema command: Unknown column 'nama' in 'field list'
[2025-03-19 03:09:03] [INFO] Schema loaded from SQL file
[2025-03-19 03:09:13] [INFO] Attempting login for username: admin
[2025-03-19 03:09:13] [ERROR] Database setup failed: Unknown column 'nama' in 'field list'
[2025-03-19 03:11:16] [WARNING] Failed login attempt for username: admin
[2025-03-19 03:11:19] [INFO] Attempting login for username: admin
[2025-03-19 03:11:19] [ERROR] Database setup failed: Unknown column 'nama' in 'field list'
[2025-03-19 03:11:21] [WARNING] Failed login attempt for username: admin
[2025-03-19 03:11:24] [INFO] Application shutdown
[2025-03-19 03:11:38] [INFO] Application starting...
[2025-03-19 03:11:38] [INFO] Application started
[2025-03-19 03:11:38] [WARNING] Error executing schema command: Unknown column 'nama' in 'field list'
[2025-03-19 03:11:38] [INFO] Schema loaded from SQL file
[2025-03-19 03:11:47] [INFO] Attempting login for username: admin
[2025-03-19 03:11:47] [ERROR] Database setup failed: Unknown column 'nama' in 'field list'
[2025-03-19 03:14:57] [INFO] Application starting...
[2025-03-19 03:14:57] [INFO] Application started
[2025-03-19 03:14:57] [WARNING] Error executing schema command: Unknown column 'nama' in 'field list'
[2025-03-19 03:14:57] [INFO] Schema loaded from SQL file
[2025-03-19 03:15:08] [INFO] Attempting login for username: admin
[2025-03-19 03:15:08] [ERROR] Database setup failed: Unknown column 'nama' in 'field list'
[2025-03-19 03:19:44] [WARNING] Failed login attempt for username: admin
[2025-03-19 03:20:01] [WARNING] Failed login attempt for username: admin
[2025-03-19 03:20:10] [INFO] Attempting login for username: admin
[2025-03-19 03:20:10] [ERROR] Database setup failed: Unknown column 'nama' in 'field list'
[2025-03-19 03:20:11] [WARNING] Failed login attempt for username: admin
[2025-03-19 03:20:13] [INFO] Application shutdown
[2025-03-19 03:20:16] [INFO] Application shutdown
[2025-03-19 03:21:48] [INFO] Application starting...
[2025-03-19 03:21:48] [INFO] Application started
[2025-03-19 03:21:48] [WARNING] Error executing schema command: Unknown column 'nama' in 'field list'
[2025-03-19 03:21:48] [INFO] Schema loaded from SQL file
[2025-03-19 03:21:58] [INFO] Attempting login for username: admin
[2025-03-19 03:21:58] [INFO] Executing query: SELECT id, username, password, nama, role FROM users WHERE username = @username with username: admin
[2025-03-19 03:21:58] [INFO] Comparing passwords for user admin
[2025-03-19 03:21:58] [DEBUG] Stored hash: 240be518fabd2724ddb6f04eeb1da5967448d7e831c08c8fa822809f74c720a9
[2025-03-19 03:21:58] [DEBUG] Input hash: 240be518fabd2724ddb6f04eeb1da5967448d7e831c08c8fa822809f74c720a9
[2025-03-19 03:21:58] [INFO] Login successful for user: admin
[2025-03-19 03:21:58] [INFO] User admin logged in successfully with role: admin
[2025-03-19 03:23:58] [INFO] Application starting...
[2025-03-19 03:23:58] [INFO] Application started
[2025-03-19 03:23:58] [INFO] Schema loaded from SQL file
[2025-03-19 03:24:07] [INFO] Attempting login for username: admin
[2025-03-19 03:24:07] [INFO] Executing query: SELECT id, username, password, nama, role FROM users WHERE username = @username with username: admin
[2025-03-19 03:24:07] [INFO] Comparing passwords for user admin
[2025-03-19 03:24:07] [DEBUG] Stored hash: 240be518fabd2724ddb6f04eeb1da5967448d7e831c08c8fa822809f74c720a9
[2025-03-19 03:24:07] [DEBUG] Input hash: 240be518fabd2724ddb6f04eeb1da5967448d7e831c08c8fa822809f74c720a9
[2025-03-19 03:24:07] [INFO] Login successful for user: admin
[2025-03-19 03:24:07] [INFO] User admin logged in successfully with role: admin
[2025-03-19 03:28:54] [INFO] Application starting...
[2025-03-19 03:28:54] [INFO] Application started
[2025-03-19 03:28:55] [INFO] Schema loaded from SQL file
[2025-03-19 03:29:05] [INFO] Attempting login for username: admin
[2025-03-19 03:29:05] [INFO] Executing query: SELECT id, username, password, nama, role FROM users WHERE username = @username with username: admin
[2025-03-19 03:29:05] [INFO] Comparing passwords for user admin
[2025-03-19 03:29:05] [DEBUG] Stored hash: 240be518fabd2724ddb6f04eeb1da5967448d7e831c08c8fa822809f74c720a9
[2025-03-19 03:29:05] [DEBUG] Input hash: 240be518fabd2724ddb6f04eeb1da5967448d7e831c08c8fa822809f74c720a9
[2025-03-19 03:29:05] [INFO] Login successful for user: admin
[2025-03-19 03:29:05] [INFO] User admin logged in successfully with role: admin
[2025-03-19 03:33:24] [INFO] Application starting...
[2025-03-19 03:33:24] [INFO] Application started
[2025-03-19 03:33:24] [INFO] Schema loaded from SQL file
[2025-03-19 03:33:33] [INFO] Attempting login for username: admin
[2025-03-19 03:33:33] [INFO] Executing query: SELECT id, username, password, nama, role, level FROM users WHERE username = @username with username: admin
[2025-03-19 03:33:33] [INFO] Comparing passwords for user admin
[2025-03-19 03:33:33] [DEBUG] Stored hash: 240be518fabd2724ddb6f04eeb1da5967448d7e831c08c8fa822809f74c720a9
[2025-03-19 03:33:33] [DEBUG] Input hash: 240be518fabd2724ddb6f04eeb1da5967448d7e831c08c8fa822809f74c720a9
[2025-03-19 03:33:33] [INFO] Login successful for user: admin
[2025-03-19 03:33:33] [INFO] User admin logged in successfully with role: admin
[2025-03-19 03:41:08] [ERROR] Incorrect table name 'SELECT id, jenis_kendaraan, jenis_tarif, jam_mulai, jam_selesai, hari, tarif_flat, deskripsi FROM ta'
[2025-03-19 04:04:22] [INFO] Application starting...
[2025-03-19 04:04:22] [INFO] Application started
[2025-03-19 04:04:23] [INFO] Schema loaded from SQL file
[2025-03-19 04:04:43] [INFO] Attempting login for username: admin
[2025-03-19 04:04:43] [INFO] Executing query: SELECT id, username, password, nama, role, level FROM users WHERE username = @username with username: admin
[2025-03-19 04:04:43] [INFO] Comparing passwords for user admin
[2025-03-19 04:04:43] [DEBUG] Stored hash: 240be518fabd2724ddb6f04eeb1da5967448d7e831c08c8fa822809f74c720a9
[2025-03-19 04:04:43] [DEBUG] Input hash: 240be518fabd2724ddb6f04eeb1da5967448d7e831c08c8fa822809f74c720a9
[2025-03-19 04:04:43] [INFO] Login successful for user: admin
[2025-03-19 04:04:43] [INFO] User admin logged in successfully with role: admin
[2025-03-19 04:04:46] [WARNING] Could not load users with status column: Table 'parkingdb.t_user' doesn't exist
[2025-03-19 04:04:46] [WARNING] Could not load users from t_user table: Table 'parkingdb.t_user' doesn't exist
[2025-03-19 04:08:28] [WARNING] Error loading lost ticket fine setting: Unknown column 'value' in 'field list'. Using default value.
[2025-03-19 04:09:39] [ERROR] Error in LoadVehicleTypes: Table 'parkingdb.select vehicletype from vehicletypes order by vehicletype' doesn't exist
[2025-03-19 04:54:44] [INFO] Application shutdown
