2025-03-21 14:00:35.897 [INF] Logger initialized successfully
2025-03-21 14:00:35.905 [INF] Testing database connection...
2025-03-21 14:00:44.966 [INF] Attempting to authenticate user: admin
2025-03-21 14:06:12.569 [INF] Attempting to authenticate user: admin
2025-03-21 15:50:42.036 +07:00 [INF] Application starting...
2025-03-21 15:50:42.674 +07:00 [INF] Database connection string initialized
2025-03-21 15:50:42.689 +07:00 [INF] Using direct database connection
2025-03-21 15:50:42.869 +07:00 [ERR] Database connection test failed
MySql.Data.MySqlClient.MySqlException (0x80004005): Authentication to host 'localhost' for user 'root' using method 'caching_sha2_password' failed with message: Access denied for user 'root'@'localhost' (using password: YES)
 ---> MySql.Data.MySqlClient.MySqlException (0x80004005): Access denied for user 'root'@'localhost' (using password: YES)
   at MySql.Data.MySqlClient.MySqlStream.ReadPacketAsync(Boolean execAsync)
   at MySql.Data.MySqlClient.NativeDriver.ReadPacketAsync(Boolean execAsync)
   at MySql.Data.MySqlClient.Authentication.MySqlAuthenticationPlugin.ReadPacketAsync(Boolean execAsync)
   at MySql.Data.MySqlClient.Authentication.MySqlAuthenticationPlugin.AuthenticationFailed(MySqlException ex)
   at MySql.Data.MySqlClient.Authentication.MySqlAuthenticationPlugin.ReadPacketAsync(Boolean execAsync)
   at MySql.Data.MySqlClient.Authentication.MySqlAuthenticationPlugin.ContinueAuthenticationAsync(Boolean execAsync, Byte[] data)
   at MySql.Data.MySqlClient.Authentication.MySqlAuthenticationPlugin.AuthenticateAsync(Boolean reset, Boolean execAsync)
   at MySql.Data.MySqlClient.NativeDriver.AuthenticateAsync(String authMethod, Boolean reset, Boolean execAsync)
   at MySql.Data.MySqlClient.NativeDriver.OpenAsync(Boolean execAsync, CancellationToken cancellationToken)
   at MySql.Data.MySqlClient.NativeDriver.OpenAsync(Boolean execAsync, CancellationToken cancellationToken)
   at MySql.Data.MySqlClient.Driver.OpenAsync(Boolean execAsync, CancellationToken cancellationToken)
   at MySql.Data.MySqlClient.Driver.CreateAsync(MySqlConnectionStringBuilder settings, Boolean execAsync, CancellationToken cancellationToken)
   at MySql.Data.MySqlClient.Driver.CreateAsync(MySqlConnectionStringBuilder settings, Boolean execAsync, CancellationToken cancellationToken)
   at MySql.Data.MySqlClient.MySqlPool.CreateNewPooledConnectionAsync(Boolean execAsync, CancellationToken cancellationToken)
   at MySql.Data.MySqlClient.MySqlPool.GetPooledConnectionAsync(Boolean execAsync, CancellationToken cancellationToken)
   at MySql.Data.MySqlClient.MySqlPool.TryToGetDriverAsync(Boolean execAsync, CancellationToken cancellationToken)
   at MySql.Data.MySqlClient.MySqlPool.GetConnectionAsync(Boolean execAsync, CancellationToken cancellationToken)
   at MySql.Data.MySqlClient.MySqlConnection.OpenAsync(Boolean execAsync, CancellationToken cancellationToken)
   at MySql.Data.MySqlClient.MySqlConnection.Open()
   at ParkingIN.Utils.Database.TestConnection(String& errorMessage) in D:\20maret\ParkingIN\Utils\Database.cs:line 298
2025-03-21 15:50:42.909 +07:00 [ERR] Database connection test failed
MySql.Data.MySqlClient.MySqlException (0x80004005): Authentication to host 'localhost' for user 'root' using method 'caching_sha2_password' failed with message: Access denied for user 'root'@'localhost' (using password: YES)
 ---> MySql.Data.MySqlClient.MySqlException (0x80004005): Access denied for user 'root'@'localhost' (using password: YES)
   at MySql.Data.MySqlClient.MySqlStream.ReadPacketAsync(Boolean execAsync)
   at MySql.Data.MySqlClient.NativeDriver.ReadPacketAsync(Boolean execAsync)
   at MySql.Data.MySqlClient.Authentication.MySqlAuthenticationPlugin.ReadPacketAsync(Boolean execAsync)
   at MySql.Data.MySqlClient.Authentication.MySqlAuthenticationPlugin.AuthenticationFailed(MySqlException ex)
   at MySql.Data.MySqlClient.Authentication.MySqlAuthenticationPlugin.ReadPacketAsync(Boolean execAsync)
   at MySql.Data.MySqlClient.Authentication.MySqlAuthenticationPlugin.ContinueAuthenticationAsync(Boolean execAsync, Byte[] data)
   at MySql.Data.MySqlClient.Authentication.MySqlAuthenticationPlugin.AuthenticateAsync(Boolean reset, Boolean execAsync)
   at MySql.Data.MySqlClient.NativeDriver.AuthenticateAsync(String authMethod, Boolean reset, Boolean execAsync)
   at MySql.Data.MySqlClient.NativeDriver.OpenAsync(Boolean execAsync, CancellationToken cancellationToken)
   at MySql.Data.MySqlClient.NativeDriver.OpenAsync(Boolean execAsync, CancellationToken cancellationToken)
   at MySql.Data.MySqlClient.Driver.OpenAsync(Boolean execAsync, CancellationToken cancellationToken)
   at MySql.Data.MySqlClient.Driver.CreateAsync(MySqlConnectionStringBuilder settings, Boolean execAsync, CancellationToken cancellationToken)
   at MySql.Data.MySqlClient.Driver.CreateAsync(MySqlConnectionStringBuilder settings, Boolean execAsync, CancellationToken cancellationToken)
   at MySql.Data.MySqlClient.MySqlPool.CreateNewPooledConnectionAsync(Boolean execAsync, CancellationToken cancellationToken)
   at MySql.Data.MySqlClient.MySqlPool.GetPooledConnectionAsync(Boolean execAsync, CancellationToken cancellationToken)
   at MySql.Data.MySqlClient.MySqlPool.TryToGetDriverAsync(Boolean execAsync, CancellationToken cancellationToken)
   at MySql.Data.MySqlClient.MySqlPool.GetConnectionAsync(Boolean execAsync, CancellationToken cancellationToken)
   at MySql.Data.MySqlClient.MySqlConnection.OpenAsync(Boolean execAsync, CancellationToken cancellationToken)
   at MySql.Data.MySqlClient.MySqlConnection.Open()
   at ParkingIN.Utils.Database.TestConnection(String& errorMessage) in D:\20maret\ParkingIN\Utils\Database.cs:line 298
2025-03-21 15:50:42.910 +07:00 [ERR] Failed to connect to MySQL server: Authentication to host 'localhost' for user 'root' using method 'caching_sha2_password' failed with message: Access denied for user 'root'@'localhost' (using password: YES)
